Temp/gradleOut/unityLibrary/build/intermediates/manifest_merge_blame_file/release/manifest-merger-blame-release-report.txt
1<?xml version="1.0" encoding="utf-8"?>
2<manifest xmlns:android="http://schemas.android.com/apk/res/android"
3    xmlns:tools="http://schemas.android.com/tools"
4    package="com.unity3d.player"
5    android:versionCode="1"
6    android:versionName="0.1" >
7
8    <uses-sdk
9        android:minSdkVersion="24"
9-->src/main/AndroidManifest.xml
10        android:targetSdkVersion="29" />
10-->src/main/AndroidManifest.xml
11
12    <uses-feature android:glEsVersion="0x00030000" />
12-->src/main/AndroidManifest.xml:19:3-52
12-->src/main/AndroidManifest.xml:19:17-49
13
14    <uses-permission android:name="android.permission.INTERNET" />
14-->src/main/AndroidManifest.xml:20:3-65
14-->src/main/AndroidManifest.xml:20:20-62
15
16    <uses-feature
16-->src/main/AndroidManifest.xml:21:3-88
17        android:name="android.hardware.touchscreen"
17-->src/main/AndroidManifest.xml:21:17-60
18        android:required="false" />
18-->src/main/AndroidManifest.xml:21:61-85
19    <uses-feature
19-->src/main/AndroidManifest.xml:22:3-99
20        android:name="android.hardware.touchscreen.multitouch"
20-->src/main/AndroidManifest.xml:22:17-71
21        android:required="false" />
21-->src/main/AndroidManifest.xml:22:72-96
22    <uses-feature
22-->src/main/AndroidManifest.xml:23:3-108
23        android:name="android.hardware.touchscreen.multitouch.distinct"
23-->src/main/AndroidManifest.xml:23:17-80
24        android:required="false" />
24-->src/main/AndroidManifest.xml:23:81-105
25
26    <uses-permission android:name="android.permission.CAMERA" />
26-->src/main/AndroidManifest.xml:24:3-63
26-->src/main/AndroidManifest.xml:24:20-60
27
28    <uses-feature
28-->src/main/AndroidManifest.xml:25:3-85
29        android:name="android.hardware.camera.ar"
29-->src/main/AndroidManifest.xml:25:17-58
30        android:required="true" />
30-->src/main/AndroidManifest.xml:25:59-82
31    <uses-feature
31-->src/main/AndroidManifest.xml:26:3-83
32        android:name="com.google.ar.core.depth"
32-->src/main/AndroidManifest.xml:26:17-56
33        android:required="true" />
33-->src/main/AndroidManifest.xml:26:57-80
34
35    <application>
35-->src/main/AndroidManifest.xml:2:3-18:17
36        <activity
36-->src/main/AndroidManifest.xml:3:5-10:16
37            android:name="com.unity3d.player.UnityPlayerActivity"
37-->src/main/AndroidManifest.xml:3:15-68
38            android:configChanges="mcc|mnc|locale|touchscreen|keyboard|keyboardHidden|navigation|orientation|screenLayout|uiMode|screenSize|smallestScreenSize|fontScale|layoutDirection|density"
38-->src/main/AndroidManifest.xml:3:182-363
39            android:hardwareAccelerated="false"
39-->src/main/AndroidManifest.xml:3:399-434
40            android:launchMode="singleTask"
40-->src/main/AndroidManifest.xml:3:150-181
41            android:resizeableActivity="false"
41-->src/main/AndroidManifest.xml:3:364-398
42            android:screenOrientation="fullSensor"
42-->src/main/AndroidManifest.xml:3:111-149
43            android:theme="@style/UnityThemeSelector" >
43-->src/main/AndroidManifest.xml:3:69-110
44            <intent-filter>
44-->src/main/AndroidManifest.xml:4:7-7:23
45                <action android:name="android.intent.action.MAIN" />
45-->src/main/AndroidManifest.xml:5:9-61
45-->src/main/AndroidManifest.xml:5:17-58
46
47                <category android:name="android.intent.category.LAUNCHER" />
47-->src/main/AndroidManifest.xml:6:9-69
47-->src/main/AndroidManifest.xml:6:19-66
48            </intent-filter>
49
50            <meta-data
50-->src/main/AndroidManifest.xml:8:7-82
51                android:name="unityplayer.UnityActivity"
51-->src/main/AndroidManifest.xml:8:18-58
52                android:value="true" />
52-->src/main/AndroidManifest.xml:8:59-79
53            <meta-data
53-->src/main/AndroidManifest.xml:9:7-78
54                android:name="android.notch_support"
54-->src/main/AndroidManifest.xml:9:18-54
55                android:value="true" />
55-->src/main/AndroidManifest.xml:9:55-75
56        </activity>
57
58        <meta-data
58-->src/main/AndroidManifest.xml:11:5-69
59            android:name="unity.splash-mode"
59-->src/main/AndroidManifest.xml:11:16-48
60            android:value="0" />
60-->src/main/AndroidManifest.xml:11:49-66
61        <meta-data
61-->src/main/AndroidManifest.xml:12:5-74
62            android:name="unity.splash-enable"
62-->src/main/AndroidManifest.xml:12:16-50
63            android:value="True" />
63-->src/main/AndroidManifest.xml:12:51-71
64        <meta-data
64-->src/main/AndroidManifest.xml:13:5-84
65            android:name="unity.allow-resizable-window"
65-->src/main/AndroidManifest.xml:13:16-59
66            android:value="False" />
66-->src/main/AndroidManifest.xml:13:60-81
67        <meta-data
67-->src/main/AndroidManifest.xml:14:5-81
68            android:name="notch.config"
68-->src/main/AndroidManifest.xml:14:16-43
69            android:value="portrait|landscape" />
69-->src/main/AndroidManifest.xml:14:44-78
70        <meta-data
70-->src/main/AndroidManifest.xml:15:5-101
71            android:name="unity.build-id"
71-->src/main/AndroidManifest.xml:15:16-45
72            android:value="61ed6f26-e171-441d-9ff7-3d77ee6d3b6d" />
72-->src/main/AndroidManifest.xml:15:46-98
73        <meta-data
73-->src/main/AndroidManifest.xml:16:5-88
74            android:name="unityplayer.SkipPermissionsDialog"
74-->src/main/AndroidManifest.xml:16:16-64
75            android:value="true" />
75-->src/main/AndroidManifest.xml:16:65-85
76        <meta-data
76-->src/main/AndroidManifest.xml:17:5-77
77            android:name="com.google.ar.core"
77-->src/main/AndroidManifest.xml:17:16-49
78            android:value="required" />
78-->src/main/AndroidManifest.xml:17:50-74
79    </application>
80
81</manifest>